<?xml version="1.0" encoding="UTF-8"?>
<testsuite xmlns:xsi="http://www.w3.org/2001/XMLSchema-instance" xsi:noNamespaceSchemaLocation="https://maven.apache.org/surefire/maven-surefire-plugin/xsd/surefire-test-report-3.0.xsd" version="3.0" name="ServiceNow.ServiceNowRunners.RunCOVIDDashRegressionTest" time="222.602" tests="7" errors="1" skipped="0" failures="0">
  <properties>
    <property name="java.specification.version" value="14"/>
    <property name="webdriver.chrome.driver" value="src/main/java/com/drivers/chromedriver"/>
    <property name="sun.jnu.encoding" value="UTF-8"/>
    <property name="java.class.path" value="/Users/juarezds/git/CBIIT-Test-Automation/target/test-classes:/Users/juarezds/git/CBIIT-Test-Automation/target/classes:/Users/juarezds/.m2/repository/org/seleniumhq/selenium/selenium-java/3.141.59/selenium-java-3.141.59.jar:/Users/juarezds/.m2/repository/org/seleniumhq/selenium/selenium-api/3.141.59/selenium-api-3.141.59.jar:/Users/juarezds/.m2/repository/org/seleniumhq/selenium/selenium-chrome-driver/3.141.59/selenium-chrome-driver-3.141.59.jar:/Users/juarezds/.m2/repository/org/seleniumhq/selenium/selenium-edge-driver/3.141.59/selenium-edge-driver-3.141.59.jar:/Users/juarezds/.m2/repository/org/seleniumhq/selenium/selenium-firefox-driver/3.141.59/selenium-firefox-driver-3.141.59.jar:/Users/juarezds/.m2/repository/org/seleniumhq/selenium/selenium-ie-driver/3.141.59/selenium-ie-driver-3.141.59.jar:/Users/juarezds/.m2/repository/org/seleniumhq/selenium/selenium-opera-driver/3.141.59/selenium-opera-driver-3.141.59.jar:/Users/juarezds/.m2/repository/org/seleniumhq/selenium/selenium-remote-driver/3.141.59/selenium-remote-driver-3.141.59.jar:/Users/juarezds/.m2/repository/org/seleniumhq/selenium/selenium-safari-driver/3.141.59/selenium-safari-driver-3.141.59.jar:/Users/juarezds/.m2/repository/org/seleniumhq/selenium/selenium-support/3.141.59/selenium-support-3.141.59.jar:/Users/juarezds/.m2/repository/net/bytebuddy/byte-buddy/1.8.15/byte-buddy-1.8.15.jar:/Users/juarezds/.m2/repository/org/apache/commons/commons-exec/1.3/commons-exec-1.3.jar:/Users/juarezds/.m2/repository/com/google/guava/guava/25.0-jre/guava-25.0-jre.jar:/Users/juarezds/.m2/repository/com/google/code/findbugs/jsr305/1.3.9/jsr305-1.3.9.jar:/Users/juarezds/.m2/repository/org/checkerframework/checker-compat-qual/2.0.0/checker-compat-qual-2.0.0.jar:/Users/juarezds/.m2/repository/com/google/errorprone/error_prone_annotations/2.1.3/error_prone_annotations-2.1.3.jar:/Users/juarezds/.m2/repository/com/google/j2objc/j2objc-annotations/1.1/j2objc-annotations-1.1.jar:/Users/juarezds/.m2/repository/org/codehaus/mojo/animal-sniffer-annotations/1.14/animal-sniffer-annotations-1.14.jar:/Users/juarezds/.m2/repository/com/squareup/okhttp3/okhttp/3.11.0/okhttp-3.11.0.jar:/Users/juarezds/.m2/repository/com/squareup/okio/okio/1.14.0/okio-1.14.0.jar:/Users/juarezds/.m2/repository/io/cucumber/cucumber-java/4.3.0/cucumber-java-4.3.0.jar:/Users/juarezds/.m2/repository/io/cucumber/cucumber-core/4.3.0/cucumber-core-4.3.0.jar:/Users/juarezds/.m2/repository/io/cucumber/cucumber-html/0.2.7/cucumber-html-0.2.7.jar:/Users/juarezds/.m2/repository/io/cucumber/gherkin/5.1.0/gherkin-5.1.0.jar:/Users/juarezds/.m2/repository/io/cucumber/tag-expressions/1.1.1/tag-expressions-1.1.1.jar:/Users/juarezds/.m2/repository/io/cucumber/cucumber-expressions/6.2.2/cucumber-expressions-6.2.2.jar:/Users/juarezds/.m2/repository/io/cucumber/datatable/1.1.12/datatable-1.1.12.jar:/Users/juarezds/.m2/repository/io/cucumber/datatable-dependencies/1.1.12/datatable-dependencies-1.1.12.jar:/Users/juarezds/.m2/repository/io/cucumber/cucumber-junit/4.3.0/cucumber-junit-4.3.0.jar:/Users/juarezds/.m2/repository/junit/junit/4.12/junit-4.12.jar:/Users/juarezds/.m2/repository/org/hamcrest/hamcrest-core/1.3/hamcrest-core-1.3.jar:/Users/juarezds/.m2/repository/org/seleniumhq/selenium/htmlunit-driver/2.26/htmlunit-driver-2.26.jar:/Users/juarezds/.m2/repository/net/sourceforge/htmlunit/htmlunit/2.26/htmlunit-2.26.jar:/Users/juarezds/.m2/repository/xalan/xalan/2.7.2/xalan-2.7.2.jar:/Users/juarezds/.m2/repository/xalan/serializer/2.7.2/serializer-2.7.2.jar:/Users/juarezds/.m2/repository/org/apache/commons/commons-lang3/3.5/commons-lang3-3.5.jar:/Users/juarezds/.m2/repository/net/sourceforge/htmlunit/htmlunit-core-js/2.26/htmlunit-core-js-2.26.jar:/Users/juarezds/.m2/repository/net/sourceforge/htmlunit/neko-htmlunit/2.25/neko-htmlunit-2.25.jar:/Users/juarezds/.m2/repository/xerces/xercesImpl/2.11.0/xercesImpl-2.11.0.jar:/Users/juarezds/.m2/repository/net/sourceforge/cssparser/cssparser/0.9.22/cssparser-0.9.22.jar:/Users/juarezds/.m2/repository/org/w3c/css/sac/1.3/sac-1.3.jar:/Users/juarezds/.m2/repository/commons-logging/commons-logging/1.2/commons-logging-1.2.jar:/Users/juarezds/.m2/repository/org/eclipse/jetty/websocket/websocket-client/9.4.3.v20170317/websocket-client-9.4.3.v20170317.jar:/Users/juarezds/.m2/repository/org/eclipse/jetty/jetty-util/9.4.3.v20170317/jetty-util-9.4.3.v20170317.jar:/Users/juarezds/.m2/repository/org/eclipse/jetty/jetty-io/9.4.3.v20170317/jetty-io-9.4.3.v20170317.jar:/Users/juarezds/.m2/repository/org/eclipse/jetty/jetty-client/9.4.3.v20170317/jetty-client-9.4.3.v20170317.jar:/Users/juarezds/.m2/repository/org/eclipse/jetty/jetty-http/9.4.3.v20170317/jetty-http-9.4.3.v20170317.jar:/Users/juarezds/.m2/repository/org/eclipse/jetty/websocket/websocket-common/9.4.3.v20170317/websocket-common-9.4.3.v20170317.jar:/Users/juarezds/.m2/repository/org/eclipse/jetty/websocket/websocket-api/9.4.3.v20170317/websocket-api-9.4.3.v20170317.jar:/Users/juarezds/.m2/repository/commons-io/commons-io/2.6/commons-io-2.6.jar:/Users/juarezds/.m2/repository/commons-lang/commons-lang/2.6/commons-lang-2.6.jar:/Users/juarezds/.m2/repository/commons-dbcp/commons-dbcp/1.4/commons-dbcp-1.4.jar:/Users/juarezds/.m2/repository/commons-pool/commons-pool/1.5.4/commons-pool-1.5.4.jar:/Users/juarezds/.m2/repository/org/apache/poi/poi-ooxml/4.1.0/poi-ooxml-4.1.0.jar:/Users/juarezds/.m2/repository/org/apache/poi/poi/4.1.0/poi-4.1.0.jar:/Users/juarezds/.m2/repository/commons-codec/commons-codec/1.12/commons-codec-1.12.jar:/Users/juarezds/.m2/repository/org/apache/commons/commons-collections4/4.3/commons-collections4-4.3.jar:/Users/juarezds/.m2/repository/org/apache/commons/commons-math3/3.6.1/commons-math3-3.6.1.jar:/Users/juarezds/.m2/repository/org/apache/poi/poi-ooxml-schemas/4.1.0/poi-ooxml-schemas-4.1.0.jar:/Users/juarezds/.m2/repository/org/apache/xmlbeans/xmlbeans/3.1.0/xmlbeans-3.1.0.jar:/Users/juarezds/.m2/repository/org/apache/commons/commons-compress/1.18/commons-compress-1.18.jar:/Users/juarezds/.m2/repository/com/github/virtuald/curvesapi/1.06/curvesapi-1.06.jar:/Users/juarezds/.m2/repository/io/rest-assured/rest-assured/4.2.0/rest-assured-4.2.0.jar:/Users/juarezds/.m2/repository/org/codehaus/groovy/groovy/2.5.8/groovy-2.5.8.jar:/Users/juarezds/.m2/repository/org/codehaus/groovy/groovy-xml/2.5.8/groovy-xml-2.5.8.jar:/Users/juarezds/.m2/repository/org/apache/httpcomponents/httpclient/4.5.3/httpclient-4.5.3.jar:/Users/juarezds/.m2/repository/org/apache/httpcomponents/httpcore/4.4.6/httpcore-4.4.6.jar:/Users/juarezds/.m2/repository/org/apache/httpcomponents/httpmime/4.5.3/httpmime-4.5.3.jar:/Users/juarezds/.m2/repository/org/hamcrest/hamcrest/2.1/hamcrest-2.1.jar:/Users/juarezds/.m2/repository/org/ccil/cowan/tagsoup/tagsoup/1.2.1/tagsoup-1.2.1.jar:/Users/juarezds/.m2/repository/io/rest-assured/json-path/4.2.0/json-path-4.2.0.jar:/Users/juarezds/.m2/repository/org/codehaus/groovy/groovy-json/2.5.8/groovy-json-2.5.8.jar:/Users/juarezds/.m2/repository/io/rest-assured/rest-assured-common/4.2.0/rest-assured-common-4.2.0.jar:/Users/juarezds/.m2/repository/io/rest-assured/xml-path/4.2.0/xml-path-4.2.0.jar:/Users/juarezds/.m2/repository/jakarta/xml/bind/jakarta.xml.bind-api/2.3.2/jakarta.xml.bind-api-2.3.2.jar:/Users/juarezds/.m2/repository/jakarta/activation/jakarta.activation-api/1.2.1/jakarta.activation-api-1.2.1.jar:/Users/juarezds/.m2/repository/com/sun/xml/bind/jaxb-osgi/2.3.0.1/jaxb-osgi-2.3.0.1.jar:/Users/juarezds/.m2/repository/org/apache/sling/org.apache.sling.javax.activation/0.1.0/org.apache.sling.javax.activation-0.1.0.jar:/Users/juarezds/.m2/repository/javax/activation/activation/1.1.1/activation-1.1.1.jar:/Users/juarezds/.m2/repository/org/json/json/20160810/json-20160810.jar:/Users/juarezds/.m2/repository/mysql/mysql-connector-java/8.0.19/mysql-connector-java-8.0.19.jar:/Users/juarezds/.m2/repository/com/google/protobuf/protobuf-java/3.6.1/protobuf-java-3.6.1.jar:/Users/juarezds/.m2/repository/xml-apis/xml-apis/1.4.01/xml-apis-1.4.01.jar:/Users/juarezds/.m2/repository/org/jdom/jdom/2.0.2/jdom-2.0.2.jar:/Users/juarezds/.m2/repository/jaxen/jaxen/1.1.6/jaxen-1.1.6.jar:/Users/juarezds/.m2/repository/log4j/log4j/1.2.17/log4j-1.2.17.jar:/Users/juarezds/.m2/repository/com/codeborne/phantomjsdriver/1.4.4/phantomjsdriver-1.4.4.jar:/Users/juarezds/.m2/repository/com/saucelabs/saucerest/1.0.34/saucerest-1.0.34.jar:/Users/juarezds/.m2/repository/com/googlecode/json-simple/json-simple/1.1.1/json-simple-1.1.1.jar:/Users/juarezds/.m2/repository/net/sf/jacob-project/jacob/1.14.3/jacob-1.14.3.jar:/Users/juarezds/.m2/repository/org/jsoup/jsoup/1.7.1/jsoup-1.7.1.jar:/Users/juarezds/.m2/repository/net/sf/opencsv/opencsv/2.3/opencsv-2.3.jar:/Users/juarezds/.m2/repository/com/oracle/ojdbc/ojdbc8/19.3.0.0/ojdbc8-19.3.0.0.jar:/Users/juarezds/.m2/repository/com/oracle/ojdbc/ucp/19.3.0.0/ucp-19.3.0.0.jar:/Users/juarezds/.m2/repository/com/oracle/ojdbc/oraclepki/19.3.0.0/oraclepki-19.3.0.0.jar:/Users/juarezds/.m2/repository/com/oracle/ojdbc/osdt_cert/19.3.0.0/osdt_cert-19.3.0.0.jar:/Users/juarezds/.m2/repository/com/oracle/ojdbc/osdt_core/19.3.0.0/osdt_core-19.3.0.0.jar:/Users/juarezds/.m2/repository/com/oracle/ojdbc/simplefan/19.3.0.0/simplefan-19.3.0.0.jar:/Users/juarezds/.m2/repository/com/oracle/ojdbc/ons/19.3.0.0/ons-19.3.0.0.jar:/Users/juarezds/.m2/repository/org/freemarker/freemarker/2.3.20/freemarker-2.3.20.jar:"/>
    <property name="java.vm.vendor" value="Oracle Corporation"/>
    <property name="sun.arch.data.model" value="64"/>
    <property name="java.vendor.url" value="https://java.oracle.com/"/>
    <property name="user.timezone" value="America/New_York"/>
    <property name="os.name" value="Mac OS X"/>
    <property name="java.vm.specification.version" value="14"/>
    <property name="sun.java.launcher" value="SUN_STANDARD"/>
    <property name="user.country" value="US"/>
    <property name="sun.boot.library.path" value="/Library/Java/JavaVirtualMachines/jdk-14.0.2.jdk/Contents/Home/lib"/>
    <property name="sun.java.command" value="/Users/juarezds/git/CBIIT-Test-Automation/target/surefire/surefirebooter5346211173802777263.jar /Users/juarezds/git/CBIIT-Test-Automation/target/surefire 2020-08-13T13-24-44_184-jvmRun1 surefire17646398917511377249tmp surefire_06151227478131263679tmp"/>
    <property name="jdk.debug" value="release"/>
    <property name="surefire.test.class.path" value="/Users/juarezds/git/CBIIT-Test-Automation/target/test-classes:/Users/juarezds/git/CBIIT-Test-Automation/target/classes:/Users/juarezds/.m2/repository/org/seleniumhq/selenium/selenium-java/3.141.59/selenium-java-3.141.59.jar:/Users/juarezds/.m2/repository/org/seleniumhq/selenium/selenium-api/3.141.59/selenium-api-3.141.59.jar:/Users/juarezds/.m2/repository/org/seleniumhq/selenium/selenium-chrome-driver/3.141.59/selenium-chrome-driver-3.141.59.jar:/Users/juarezds/.m2/repository/org/seleniumhq/selenium/selenium-edge-driver/3.141.59/selenium-edge-driver-3.141.59.jar:/Users/juarezds/.m2/repository/org/seleniumhq/selenium/selenium-firefox-driver/3.141.59/selenium-firefox-driver-3.141.59.jar:/Users/juarezds/.m2/repository/org/seleniumhq/selenium/selenium-ie-driver/3.141.59/selenium-ie-driver-3.141.59.jar:/Users/juarezds/.m2/repository/org/seleniumhq/selenium/selenium-opera-driver/3.141.59/selenium-opera-driver-3.141.59.jar:/Users/juarezds/.m2/repository/org/seleniumhq/selenium/selenium-remote-driver/3.141.59/selenium-remote-driver-3.141.59.jar:/Users/juarezds/.m2/repository/org/seleniumhq/selenium/selenium-safari-driver/3.141.59/selenium-safari-driver-3.141.59.jar:/Users/juarezds/.m2/repository/org/seleniumhq/selenium/selenium-support/3.141.59/selenium-support-3.141.59.jar:/Users/juarezds/.m2/repository/net/bytebuddy/byte-buddy/1.8.15/byte-buddy-1.8.15.jar:/Users/juarezds/.m2/repository/org/apache/commons/commons-exec/1.3/commons-exec-1.3.jar:/Users/juarezds/.m2/repository/com/google/guava/guava/25.0-jre/guava-25.0-jre.jar:/Users/juarezds/.m2/repository/com/google/code/findbugs/jsr305/1.3.9/jsr305-1.3.9.jar:/Users/juarezds/.m2/repository/org/checkerframework/checker-compat-qual/2.0.0/checker-compat-qual-2.0.0.jar:/Users/juarezds/.m2/repository/com/google/errorprone/error_prone_annotations/2.1.3/error_prone_annotations-2.1.3.jar:/Users/juarezds/.m2/repository/com/google/j2objc/j2objc-annotations/1.1/j2objc-annotations-1.1.jar:/Users/juarezds/.m2/repository/org/codehaus/mojo/animal-sniffer-annotations/1.14/animal-sniffer-annotations-1.14.jar:/Users/juarezds/.m2/repository/com/squareup/okhttp3/okhttp/3.11.0/okhttp-3.11.0.jar:/Users/juarezds/.m2/repository/com/squareup/okio/okio/1.14.0/okio-1.14.0.jar:/Users/juarezds/.m2/repository/io/cucumber/cucumber-java/4.3.0/cucumber-java-4.3.0.jar:/Users/juarezds/.m2/repository/io/cucumber/cucumber-core/4.3.0/cucumber-core-4.3.0.jar:/Users/juarezds/.m2/repository/io/cucumber/cucumber-html/0.2.7/cucumber-html-0.2.7.jar:/Users/juarezds/.m2/repository/io/cucumber/gherkin/5.1.0/gherkin-5.1.0.jar:/Users/juarezds/.m2/repository/io/cucumber/tag-expressions/1.1.1/tag-expressions-1.1.1.jar:/Users/juarezds/.m2/repository/io/cucumber/cucumber-expressions/6.2.2/cucumber-expressions-6.2.2.jar:/Users/juarezds/.m2/repository/io/cucumber/datatable/1.1.12/datatable-1.1.12.jar:/Users/juarezds/.m2/repository/io/cucumber/datatable-dependencies/1.1.12/datatable-dependencies-1.1.12.jar:/Users/juarezds/.m2/repository/io/cucumber/cucumber-junit/4.3.0/cucumber-junit-4.3.0.jar:/Users/juarezds/.m2/repository/junit/junit/4.12/junit-4.12.jar:/Users/juarezds/.m2/repository/org/hamcrest/hamcrest-core/1.3/hamcrest-core-1.3.jar:/Users/juarezds/.m2/repository/org/seleniumhq/selenium/htmlunit-driver/2.26/htmlunit-driver-2.26.jar:/Users/juarezds/.m2/repository/net/sourceforge/htmlunit/htmlunit/2.26/htmlunit-2.26.jar:/Users/juarezds/.m2/repository/xalan/xalan/2.7.2/xalan-2.7.2.jar:/Users/juarezds/.m2/repository/xalan/serializer/2.7.2/serializer-2.7.2.jar:/Users/juarezds/.m2/repository/org/apache/commons/commons-lang3/3.5/commons-lang3-3.5.jar:/Users/juarezds/.m2/repository/net/sourceforge/htmlunit/htmlunit-core-js/2.26/htmlunit-core-js-2.26.jar:/Users/juarezds/.m2/repository/net/sourceforge/htmlunit/neko-htmlunit/2.25/neko-htmlunit-2.25.jar:/Users/juarezds/.m2/repository/xerces/xercesImpl/2.11.0/xercesImpl-2.11.0.jar:/Users/juarezds/.m2/repository/net/sourceforge/cssparser/cssparser/0.9.22/cssparser-0.9.22.jar:/Users/juarezds/.m2/repository/org/w3c/css/sac/1.3/sac-1.3.jar:/Users/juarezds/.m2/repository/commons-logging/commons-logging/1.2/commons-logging-1.2.jar:/Users/juarezds/.m2/repository/org/eclipse/jetty/websocket/websocket-client/9.4.3.v20170317/websocket-client-9.4.3.v20170317.jar:/Users/juarezds/.m2/repository/org/eclipse/jetty/jetty-util/9.4.3.v20170317/jetty-util-9.4.3.v20170317.jar:/Users/juarezds/.m2/repository/org/eclipse/jetty/jetty-io/9.4.3.v20170317/jetty-io-9.4.3.v20170317.jar:/Users/juarezds/.m2/repository/org/eclipse/jetty/jetty-client/9.4.3.v20170317/jetty-client-9.4.3.v20170317.jar:/Users/juarezds/.m2/repository/org/eclipse/jetty/jetty-http/9.4.3.v20170317/jetty-http-9.4.3.v20170317.jar:/Users/juarezds/.m2/repository/org/eclipse/jetty/websocket/websocket-common/9.4.3.v20170317/websocket-common-9.4.3.v20170317.jar:/Users/juarezds/.m2/repository/org/eclipse/jetty/websocket/websocket-api/9.4.3.v20170317/websocket-api-9.4.3.v20170317.jar:/Users/juarezds/.m2/repository/commons-io/commons-io/2.6/commons-io-2.6.jar:/Users/juarezds/.m2/repository/commons-lang/commons-lang/2.6/commons-lang-2.6.jar:/Users/juarezds/.m2/repository/commons-dbcp/commons-dbcp/1.4/commons-dbcp-1.4.jar:/Users/juarezds/.m2/repository/commons-pool/commons-pool/1.5.4/commons-pool-1.5.4.jar:/Users/juarezds/.m2/repository/org/apache/poi/poi-ooxml/4.1.0/poi-ooxml-4.1.0.jar:/Users/juarezds/.m2/repository/org/apache/poi/poi/4.1.0/poi-4.1.0.jar:/Users/juarezds/.m2/repository/commons-codec/commons-codec/1.12/commons-codec-1.12.jar:/Users/juarezds/.m2/repository/org/apache/commons/commons-collections4/4.3/commons-collections4-4.3.jar:/Users/juarezds/.m2/repository/org/apache/commons/commons-math3/3.6.1/commons-math3-3.6.1.jar:/Users/juarezds/.m2/repository/org/apache/poi/poi-ooxml-schemas/4.1.0/poi-ooxml-schemas-4.1.0.jar:/Users/juarezds/.m2/repository/org/apache/xmlbeans/xmlbeans/3.1.0/xmlbeans-3.1.0.jar:/Users/juarezds/.m2/repository/org/apache/commons/commons-compress/1.18/commons-compress-1.18.jar:/Users/juarezds/.m2/repository/com/github/virtuald/curvesapi/1.06/curvesapi-1.06.jar:/Users/juarezds/.m2/repository/io/rest-assured/rest-assured/4.2.0/rest-assured-4.2.0.jar:/Users/juarezds/.m2/repository/org/codehaus/groovy/groovy/2.5.8/groovy-2.5.8.jar:/Users/juarezds/.m2/repository/org/codehaus/groovy/groovy-xml/2.5.8/groovy-xml-2.5.8.jar:/Users/juarezds/.m2/repository/org/apache/httpcomponents/httpclient/4.5.3/httpclient-4.5.3.jar:/Users/juarezds/.m2/repository/org/apache/httpcomponents/httpcore/4.4.6/httpcore-4.4.6.jar:/Users/juarezds/.m2/repository/org/apache/httpcomponents/httpmime/4.5.3/httpmime-4.5.3.jar:/Users/juarezds/.m2/repository/org/hamcrest/hamcrest/2.1/hamcrest-2.1.jar:/Users/juarezds/.m2/repository/org/ccil/cowan/tagsoup/tagsoup/1.2.1/tagsoup-1.2.1.jar:/Users/juarezds/.m2/repository/io/rest-assured/json-path/4.2.0/json-path-4.2.0.jar:/Users/juarezds/.m2/repository/org/codehaus/groovy/groovy-json/2.5.8/groovy-json-2.5.8.jar:/Users/juarezds/.m2/repository/io/rest-assured/rest-assured-common/4.2.0/rest-assured-common-4.2.0.jar:/Users/juarezds/.m2/repository/io/rest-assured/xml-path/4.2.0/xml-path-4.2.0.jar:/Users/juarezds/.m2/repository/jakarta/xml/bind/jakarta.xml.bind-api/2.3.2/jakarta.xml.bind-api-2.3.2.jar:/Users/juarezds/.m2/repository/jakarta/activation/jakarta.activation-api/1.2.1/jakarta.activation-api-1.2.1.jar:/Users/juarezds/.m2/repository/com/sun/xml/bind/jaxb-osgi/2.3.0.1/jaxb-osgi-2.3.0.1.jar:/Users/juarezds/.m2/repository/org/apache/sling/org.apache.sling.javax.activation/0.1.0/org.apache.sling.javax.activation-0.1.0.jar:/Users/juarezds/.m2/repository/javax/activation/activation/1.1.1/activation-1.1.1.jar:/Users/juarezds/.m2/repository/org/json/json/20160810/json-20160810.jar:/Users/juarezds/.m2/repository/mysql/mysql-connector-java/8.0.19/mysql-connector-java-8.0.19.jar:/Users/juarezds/.m2/repository/com/google/protobuf/protobuf-java/3.6.1/protobuf-java-3.6.1.jar:/Users/juarezds/.m2/repository/xml-apis/xml-apis/1.4.01/xml-apis-1.4.01.jar:/Users/juarezds/.m2/repository/org/jdom/jdom/2.0.2/jdom-2.0.2.jar:/Users/juarezds/.m2/repository/jaxen/jaxen/1.1.6/jaxen-1.1.6.jar:/Users/juarezds/.m2/repository/log4j/log4j/1.2.17/log4j-1.2.17.jar:/Users/juarezds/.m2/repository/com/codeborne/phantomjsdriver/1.4.4/phantomjsdriver-1.4.4.jar:/Users/juarezds/.m2/repository/com/saucelabs/saucerest/1.0.34/saucerest-1.0.34.jar:/Users/juarezds/.m2/repository/com/googlecode/json-simple/json-simple/1.1.1/json-simple-1.1.1.jar:/Users/juarezds/.m2/repository/net/sf/jacob-project/jacob/1.14.3/jacob-1.14.3.jar:/Users/juarezds/.m2/repository/org/jsoup/jsoup/1.7.1/jsoup-1.7.1.jar:/Users/juarezds/.m2/repository/net/sf/opencsv/opencsv/2.3/opencsv-2.3.jar:/Users/juarezds/.m2/repository/com/oracle/ojdbc/ojdbc8/19.3.0.0/ojdbc8-19.3.0.0.jar:/Users/juarezds/.m2/repository/com/oracle/ojdbc/ucp/19.3.0.0/ucp-19.3.0.0.jar:/Users/juarezds/.m2/repository/com/oracle/ojdbc/oraclepki/19.3.0.0/oraclepki-19.3.0.0.jar:/Users/juarezds/.m2/repository/com/oracle/ojdbc/osdt_cert/19.3.0.0/osdt_cert-19.3.0.0.jar:/Users/juarezds/.m2/repository/com/oracle/ojdbc/osdt_core/19.3.0.0/osdt_core-19.3.0.0.jar:/Users/juarezds/.m2/repository/com/oracle/ojdbc/simplefan/19.3.0.0/simplefan-19.3.0.0.jar:/Users/juarezds/.m2/repository/com/oracle/ojdbc/ons/19.3.0.0/ons-19.3.0.0.jar:/Users/juarezds/.m2/repository/org/freemarker/freemarker/2.3.20/freemarker-2.3.20.jar:"/>
    <property name="sun.cpu.endian" value="little"/>
    <property name="user.home" value="/Users/juarezds"/>
    <property name="user.language" value="en"/>
    <property name="java.specification.vendor" value="Oracle Corporation"/>
    <property name="java.version.date" value="2020-07-14"/>
    <property name="java.home" value="/Library/Java/JavaVirtualMachines/jdk-14.0.2.jdk/Contents/Home"/>
    <property name="file.separator" value="/"/>
    <property name="basedir" value="/Users/juarezds/git/CBIIT-Test-Automation"/>
    <property name="java.vm.compressedOopsMode" value="Zero based"/>
    <property name="line.separator" value="&#10;"/>
    <property name="java.vm.specification.vendor" value="Oracle Corporation"/>
    <property name="java.specification.name" value="Java Platform API Specification"/>
    <property name="scenarioNameText" value="COVIDcode Study Provider Login when clicking &apos;Log In&apos; button and verifies expected header text"/>
    <property name="surefire.real.class.path" value="/Users/juarezds/git/CBIIT-Test-Automation/target/surefire/surefirebooter5346211173802777263.jar"/>
    <property name="webdriver.chrome.logfile" value="true"/>
    <property name="sun.management.compiler" value="HotSpot 64-Bit Tiered Compilers"/>
    <property name="java.runtime.version" value="14.0.2+12-46"/>
    <property name="user.name" value="juarezds"/>
    <property name="path.separator" value=":"/>
    <property name="os.version" value="10.15.3"/>
    <property name="java.runtime.name" value="Java(TM) SE Runtime Environment"/>
    <property name="file.encoding" value="UTF-8"/>
    <property name="java.vm.name" value="Java HotSpot(TM) 64-Bit Server VM"/>
    <property name="scenarioName" value="08-13-2020/COVIDcode Study Provider Login when clicking &apos;Log In&apos; button and verifies expected header text"/>
    <property name="localRepository" value="/Users/juarezds/.m2/repository"/>
    <property name="java.vendor.url.bug" value="https://bugreport.java.com/bugreport/"/>
    <property name="java.io.tmpdir" value="/var/folders/10/x0tkb8rd0yl84mhcx3t01lbr43m3_9/T/"/>
    <property name="java.version" value="14.0.2"/>
    <property name="user.dir" value="/Users/juarezds/git/CBIIT-Test-Automation"/>
    <property name="os.arch" value="x86_64"/>
    <property name="java.vm.specification.name" value="Java Virtual Machine Specification"/>
    <property name="java.library.path" value="/Users/juarezds/Library/Java/Extensions:/Library/Java/Extensions:/Network/Library/Java/Extensions:/System/Library/Java/Extensions:/usr/lib/java:."/>
    <property name="java.vm.info" value="mixed mode, sharing"/>
    <property name="java.vendor" value="Oracle Corporation"/>
    <property name="java.vm.version" value="14.0.2+12-46"/>
    <property name="useDefinedScenarioName" value="true"/>
    <property name="sun.io.unicode.encoding" value="UnicodeBig"/>
    <property name="java.class.version" value="58.0"/>
  </properties>
  <testcase name="Validating Study Submission without attaching a Related URL" classname="COVID Dashboard" time="44.692"/>
  <testcase name="Validating Study Submission with attaching multiple Related URL&apos;s" classname="COVID Dashboard" time="43.027"/>
  <testcase name="Verifying a user is not able to submit a study form when not attaching an IRB Protocol Document" classname="COVID Dashboard" time="23.079"/>
  <testcase name="Verifying Home Page verbiage" classname="COVID Dashboard" time="15.877"/>
  <testcase name="Verifying empty field messages" classname="COVID Dashboard" time="15.263"/>
  <testcase name="Verifying Study Form Submission as a Reviewer" classname="COVID Dashboard" time="49.064">
    <error message="Index 1 out of bounds for length 1" type="java.lang.IndexOutOfBoundsException"><![CDATA[java.lang.IndexOutOfBoundsException: Index 1 out of bounds for length 1
]]></error>
    <system-out><![CDATA[Starting Scenario: Verifying Study Form Submission as a Reviewer
192356 [main] INFO  com.nci.automation.utils.CucumberLogUtils  - Environment: Test (https://service-test.nci.nih.gov/nih-covid-19-dashboard?xpage=landing_pub)
Ending Scenario: Verifying Study Form Submission as a Reviewer
]]></system-out>
    <system-err><![CDATA[Starting ChromeDriver 84.0.4147.30 (48b3e868b4cc0aa7e8149519690b6f6949e110a8-refs/branch-heads/4147@{#310}) on port 39385
Only local connections are allowed.
Please see https://chromedriver.chromium.org/security-considerations for suggestions on keeping ChromeDriver safe.
ChromeDriver was started successfully.
Aug 13, 2020 1:27:59 PM org.openqa.selenium.remote.ProtocolHandshake createSession
INFO: Detected dialect: W3C
]]></system-err>
  </testcase>
  <testcase name="Reviewer Login" classname="Login" time="31.456"/>
</testsuite>